# Iteration 6 Log

## Metadata

- **Task ID**: golf-pool-3cj.7
- **Task Title**: US-007: Tests for auth + authorization behavior
- **Description**: As a developer, I want tests so that auth flows and gating don’t regress.

## Acceptance Criteria
- [ ] Tests cover: whitelisted vs non-whitelisted signup behavior (including case/trim handling)
- [ ]...
- **Status**: completed
- **Task Completed**: No
- **Promise Detected**: No
- **Started At**: 2026-02-06T14:57:48.749Z
- **Ended At**: 2026-02-06T14:57:51.918Z
- **Duration**: 3s
- **Agent**: opencode
- **Epic**: golf-pool-3cj
- **Sandbox Mode**: auto
- **Sandbox Network**: Enabled
--- RAW OUTPUT ---
{"type":"error","timestamp":1770389871892,"sessionID":"ses_3cc8a66b3ffeEKI5NkqKGho5fb","error":{"name":"APIError","data":{"message":"Insufficient balance. Manage your billing here: https://opencode.ai/workspace/wrk_01KFMP0WDBS5RSS4R3J9QYV83T/billing","statusCode":401,"isRetryable":false,"responseHeaders":{"cf-placement":"local-ATL","cf-ray":"9c9b809a4bc1bf7a-ATL","connection":"keep-alive","content-length":"177","content-type":"text/plain;charset=UTF-8","date":"Fri, 06 Feb 2026 14:57:51 GMT","server":"cloudflare"},"responseBody":"{\"type\":\"error\",\"error\":{\"type\":\"CreditsError\",\"message\":\"Insufficient balance. Manage your billing here: https://opencode.ai/workspace/wrk_01KFMP0WDBS5RSS4R3J9QYV83T/billing\"}}","metadata":{"url":"https://opencode.ai/zen/v1/responses"}}}}
