# Iteration 7 Log

## Metadata

- **Task ID**: golf-pool-3cj.7
- **Task Title**: US-007: Tests for auth + authorization behavior
- **Description**: As a developer, I want tests so that auth flows and gating don’t regress.

## Acceptance Criteria
- [ ] Tests cover: whitelisted vs non-whitelisted signup behavior (including case/trim handling)
- [ ]...
- **Status**: completed
- **Task Completed**: No
- **Promise Detected**: No
- **Started At**: 2026-02-06T14:57:52.926Z
- **Ended At**: 2026-02-06T14:57:56.572Z
- **Duration**: 3s
- **Agent**: opencode
- **Epic**: golf-pool-3cj
- **Sandbox Mode**: auto
- **Sandbox Network**: Enabled
--- RAW OUTPUT ---
{"type":"error","timestamp":1770389876527,"sessionID":"ses_3cc8a5539ffeLjUVcG4bLXLajZ","error":{"name":"APIError","data":{"message":"Insufficient balance. Manage your billing here: https://opencode.ai/workspace/wrk_01KFMP0WDBS5RSS4R3J9QYV83T/billing","statusCode":401,"isRetryable":false,"responseHeaders":{"cf-placement":"local-MIA","cf-ray":"9c9b80b73db60f13-MIA","connection":"keep-alive","content-length":"177","content-type":"text/plain;charset=UTF-8","date":"Fri, 06 Feb 2026 14:57:56 GMT","server":"cloudflare"},"responseBody":"{\"type\":\"error\",\"error\":{\"type\":\"CreditsError\",\"message\":\"Insufficient balance. Manage your billing here: https://opencode.ai/workspace/wrk_01KFMP0WDBS5RSS4R3J9QYV83T/billing\"}}","metadata":{"url":"https://opencode.ai/zen/v1/responses"}}}}
